{"C:\\repositories\\first-steps_React\\src\\MyAwesomeApp.tsx": {"path":"C:\\repositories\\first-steps_React\\src\\MyAwesomeApp.tsx","statementMap":{"0":{"start":{"line":3,"column":18},"end":{"line":3,"column":null}},"1":{"start":{"line":4,"column":17},"end":{"line":4,"column":null}},"2":{"start":{"line":6,"column":22},"end":{"line":6,"column":null}},"3":{"start":{"line":7,"column":17},"end":{"line":7,"column":null}},"4":{"start":{"line":9,"column":16},"end":{"line":12,"column":null}},"5":{"start":{"line":15,"column":34},"end":{"line":21,"column":null}},"6":{"start":{"line":22,"column":2},"end":{"line":29,"column":null}}},"fnMap":{"0":{"name":"MyAwesomeApp","decl":{"start":{"line":14,"column":24},"end":{"line":14,"column":null}},"loc":{"start":{"line":14,"column":24},"end":{"line":32,"column":null}},"line":14}},"branchMap":{"0":{"loc":{"start":{"line":27,"column":34},"end":{"line":27,"column":null}},"type":"cond-expr","locations":[{"start":{"line":27,"column":45},"end":{"line":27,"column":56}},{"start":{"line":27,"column":56},"end":{"line":27,"column":null}}],"line":27}},"s":{"0":1,"1":1,"2":1,"3":1,"4":1,"5":4,"6":4},"f":{"0":4},"b":{"0":[0,4]},"meta":{"lastBranch":1,"lastFunction":1,"lastStatement":7,"seen":{"s:3:18:3:Infinity":0,"s:4:17:4:Infinity":1,"s:6:22:6:Infinity":2,"s:7:17:7:Infinity":3,"s:9:16:12:Infinity":4,"f:14:24:14:Infinity":0,"s:15:34:21:Infinity":5,"s:22:2:29:Infinity":6,"b:27:45:27:56:27:56:27:Infinity":0}}}
,"C:\\repositories\\first-steps_React\\src\\firstStepsApp.tsx": {"path":"C:\\repositories\\first-steps_React\\src\\firstStepsApp.tsx","statementMap":{"0":{"start":{"line":9,"column":34},"end":{"line":13,"column":null}},"1":{"start":{"line":16,"column":2},"end":{"line":20,"column":39}},"2":{"start":{"line":19,"column":49},"end":{"line":20,"column":39}}},"fnMap":{"0":{"name":"FirstStepsApp","decl":{"start":{"line":15,"column":16},"end":{"line":15,"column":null}},"loc":{"start":{"line":15,"column":16},"end":{"line":24,"column":null}},"line":15},"1":{"name":"(anonymous_1)","decl":{"start":{"line":19,"column":23},"end":{"line":19,"column":24}},"loc":{"start":{"line":19,"column":49},"end":{"line":20,"column":39}},"line":19}},"branchMap":{},"s":{"0":1,"1":3,"2":9},"f":{"0":3,"1":9},"b":{},"meta":{"lastBranch":0,"lastFunction":2,"lastStatement":3,"seen":{"s:9:34:13:Infinity":0,"f:15:16:15:Infinity":0,"s:16:2:20:39":1,"f:19:23:19:24":1,"s:19:49:20:39":2}}}
,"C:\\repositories\\first-steps_React\\src\\helpers\\math.helper.ts": {"path":"C:\\repositories\\first-steps_React\\src\\helpers\\math.helper.ts","statementMap":{"0":{"start":{"line":1,"column":19},"end":{"line":3,"column":null}},"1":{"start":{"line":2,"column":2},"end":{"line":2,"column":null}},"2":{"start":{"line":5,"column":24},"end":{"line":7,"column":null}},"3":{"start":{"line":6,"column":2},"end":{"line":6,"column":null}},"4":{"start":{"line":8,"column":24},"end":{"line":10,"column":null}},"5":{"start":{"line":9,"column":2},"end":{"line":9,"column":null}},"6":{"start":{"line":11,"column":22},"end":{"line":13,"column":null}},"7":{"start":{"line":12,"column":2},"end":{"line":12,"column":null}}},"fnMap":{"0":{"name":"(anonymous_0)","decl":{"start":{"line":1,"column":19},"end":{"line":1,"column":20}},"loc":{"start":{"line":1,"column":31},"end":{"line":3,"column":null}},"line":1},"1":{"name":"(anonymous_1)","decl":{"start":{"line":5,"column":24},"end":{"line":5,"column":25}},"loc":{"start":{"line":5,"column":36},"end":{"line":7,"column":null}},"line":5},"2":{"name":"(anonymous_2)","decl":{"start":{"line":8,"column":24},"end":{"line":8,"column":25}},"loc":{"start":{"line":8,"column":36},"end":{"line":10,"column":null}},"line":8},"3":{"name":"(anonymous_3)","decl":{"start":{"line":11,"column":22},"end":{"line":11,"column":23}},"loc":{"start":{"line":11,"column":34},"end":{"line":13,"column":null}},"line":11}},"branchMap":{},"s":{"0":1,"1":2,"2":1,"3":2,"4":1,"5":2,"6":1,"7":0},"f":{"0":2,"1":2,"2":2,"3":0},"b":{},"meta":{"lastBranch":0,"lastFunction":4,"lastStatement":8,"seen":{"s:1:19:3:Infinity":0,"f:1:19:1:20":0,"s:2:2:2:Infinity":1,"s:5:24:7:Infinity":2,"f:5:24:5:25":1,"s:6:2:6:Infinity":3,"s:8:24:10:Infinity":4,"f:8:24:8:25":2,"s:9:2:9:Infinity":5,"s:11:22:13:Infinity":6,"f:11:22:11:23":3,"s:12:2:12:Infinity":7}}}
,"C:\\repositories\\first-steps_React\\src\\shopping-cart\\ItemCounter.module.css": {"path":"C:\\repositories\\first-steps_React\\src\\shopping-cart\\ItemCounter.module.css","statementMap":{},"fnMap":{},"branchMap":{},"s":{},"f":{},"b":{},"meta":{"lastBranch":0,"lastFunction":0,"lastStatement":0,"seen":{}}}
,"C:\\repositories\\first-steps_React\\src\\shopping-cart\\ItemCounter.tsx": {"path":"C:\\repositories\\first-steps_React\\src\\shopping-cart\\ItemCounter.tsx","statementMap":{"0":{"start":{"line":9,"column":27},"end":{"line":32,"column":null}},"1":{"start":{"line":10,"column":25},"end":{"line":10,"column":null}},"2":{"start":{"line":12,"column":20},"end":{"line":14,"column":null}},"3":{"start":{"line":13,"column":4},"end":{"line":13,"column":null}},"4":{"start":{"line":13,"column":24},"end":{"line":13,"column":null}},"5":{"start":{"line":15,"column":25},"end":{"line":17,"column":null}},"6":{"start":{"line":16,"column":4},"end":{"line":16,"column":null}},"7":{"start":{"line":16,"column":24},"end":{"line":16,"column":null}},"8":{"start":{"line":19,"column":2},"end":{"line":29,"column":null}}},"fnMap":{"0":{"name":"(anonymous_0)","decl":{"start":{"line":9,"column":27},"end":{"line":9,"column":28}},"loc":{"start":{"line":9,"column":53},"end":{"line":32,"column":null}},"line":9},"1":{"name":"(anonymous_1)","decl":{"start":{"line":12,"column":20},"end":{"line":12,"column":null}},"loc":{"start":{"line":12,"column":20},"end":{"line":14,"column":null}},"line":12},"2":{"name":"(anonymous_2)","decl":{"start":{"line":13,"column":13},"end":{"line":13,"column":14}},"loc":{"start":{"line":13,"column":24},"end":{"line":13,"column":null}},"line":13},"3":{"name":"(anonymous_3)","decl":{"start":{"line":15,"column":25},"end":{"line":15,"column":null}},"loc":{"start":{"line":15,"column":25},"end":{"line":17,"column":null}},"line":15},"4":{"name":"(anonymous_4)","decl":{"start":{"line":16,"column":13},"end":{"line":16,"column":14}},"loc":{"start":{"line":16,"column":24},"end":{"line":16,"column":null}},"line":16}},"branchMap":{"0":{"loc":{"start":{"line":13,"column":24},"end":{"line":13,"column":null}},"type":"cond-expr","locations":[{"start":{"line":13,"column":45},"end":{"line":13,"column":56}},{"start":{"line":13,"column":56},"end":{"line":13,"column":null}}],"line":13},"1":{"loc":{"start":{"line":16,"column":24},"end":{"line":16,"column":null}},"type":"cond-expr","locations":[{"start":{"line":16,"column":57},"end":{"line":16,"column":68}},{"start":{"line":16,"column":68},"end":{"line":16,"column":null}}],"line":16},"2":{"loc":{"start":{"line":16,"column":24},"end":{"line":16,"column":57}},"type":"binary-expr","locations":[{"start":{"line":16,"column":24},"end":{"line":16,"column":46}},{"start":{"line":16,"column":46},"end":{"line":16,"column":57}}],"line":16},"3":{"loc":{"start":{"line":23,"column":24},"end":{"line":23,"column":54}},"type":"cond-expr","locations":[{"start":{"line":23,"column":38},"end":{"line":23,"column":46}},{"start":{"line":23,"column":46},"end":{"line":23,"column":54}}],"line":23},"4":{"loc":{"start":{"line":28,"column":13},"end":{"line":28,"column":null}},"type":"cond-expr","locations":[{"start":{"line":28,"column":21},"end":{"line":28,"column":29}},{"start":{"line":28,"column":29},"end":{"line":28,"column":null}}],"line":28}},"s":{"0":1,"1":10,"2":10,"3":1,"4":1,"5":10,"6":2,"7":2,"8":10},"f":{"0":10,"1":1,"2":1,"3":2,"4":2},"b":{"0":[1,0],"1":[2,0],"2":[2,2],"3":[3,7],"4":[8,2]},"meta":{"lastBranch":5,"lastFunction":5,"lastStatement":9,"seen":{"s:9:27:32:Infinity":0,"f:9:27:9:28":0,"s:10:25:10:Infinity":1,"s:12:20:14:Infinity":2,"f:12:20:12:Infinity":1,"s:13:4:13:Infinity":3,"f:13:13:13:14":2,"s:13:24:13:Infinity":4,"b:13:45:13:56:13:56:13:Infinity":0,"s:15:25:17:Infinity":5,"f:15:25:15:Infinity":3,"s:16:4:16:Infinity":6,"f:16:13:16:14":4,"s:16:24:16:Infinity":7,"b:16:57:16:68:16:68:16:Infinity":1,"b:16:24:16:46:16:46:16:57":2,"s:19:2:29:Infinity":8,"b:23:38:23:46:23:46:23:54":3,"b:28:21:28:29:28:29:28:Infinity":4}}}
}
